<?xml version="1.0" encoding="UTF-8"?>
<!-- Generated by org.testng.reporters.JUnitXMLReporter -->
<testsuite hostname="KPs-HP" ignored="0" name="Login Test" tests="3" failures="0" timestamp="2022-12-11T16:51:22 GMT" time="34.066" errors="0">
  <testcase name="UserSholdLoginSuccessfullyWithValidCredentials" time="1.449" classname="com.herokuapp.testsuite.LoginPageTest"/>
  <testcase name="verifyThePasswordErrorMessage" time="1.421" classname="com.herokuapp.testsuite.LoginPageTest"/>
  <testcase name="verifyTheUsernameErrorMessage" time="1.449" classname="com.herokuapp.testsuite.LoginPageTest"/>
</testsuite> <!-- Login Test -->
